2014-11-08 14:04:34 INFO  AMISQuery:76 - *****************************************
2014-11-08 14:04:34 INFO  AMISQuery:77 - FOOD BALANCE ELEMENTS
2014-11-08 14:04:34 INFO  AMISQuery:79 - {1={34=Post Harvest Losses - Thousand tonnes, 35=Total Utilization - Thousand tonnes, 5=Production - Thousand tonnes, 7=Imports (NMY) - Thousand tonnes, 10=Exports (NMY) - Thousand tonnes, 13=Feed Use - Thousand tonnes, 14=Food Use - Thousand tonnes, 15=Other Uses - Thousand tonnes, 16=Closing Stocks - Thousand tonnes, 19=Total Supply - Thousand tonnes, 18=Opening Stocks - Thousand tonnes, 21=Seeds - Thousand tonnes, 20=Domestic Utilization - Thousand tonnes}, 4={34=Post Harvest Losses - Thousand tonnes, 16=Closing Stocks - Thousand tonnes, 35=Total Utilization - Thousand tonnes, 19=Total Supply - Thousand tonnes, 18=Opening Stocks - Thousand tonnes, 21=Seeds - Thousand tonnes, 20=Domestic Utilization - Thousand tonnes, 5=Production - Thousand tonnes, 7=Imports (NMY) - Thousand tonnes, 10=Exports (NMY) - Thousand tonnes, 13=Feed Use - Thousand tonnes, 14=Food Use - Thousand tonnes, 15=Other Uses - Thousand tonnes, 998=Production Paddy - Thousand tonnes}, 5={34=Post Harvest Losses - Thousand tonnes, 35=Total Utilization - Thousand tonnes, 5=Production - Thousand tonnes, 7=Imports (NMY) - Thousand tonnes, 10=Exports (NMY) - Thousand tonnes, 13=Feed Use - Thousand tonnes, 14=Food Use - Thousand tonnes, 15=Other Uses - Thousand tonnes, 16=Closing Stocks - Thousand tonnes, 19=Total Supply - Thousand tonnes, 18=Opening Stocks - Thousand tonnes, 21=Seeds - Thousand tonnes, 20=Domestic Utilization - Thousand tonnes}, 6={34=Post Harvest Losses - Thousand tonnes, 16=Closing Stocks - Thousand tonnes, 35=Total Utilization - Thousand tonnes, 19=Total Supply - Thousand tonnes, 18=Opening Stocks - Thousand tonnes, 21=Seeds - Thousand tonnes, 20=Domestic Utilization - Thousand tonnes, 5=Production - Thousand tonnes, 7=Imports (NMY) - Thousand tonnes, 10=Exports (NMY) - Thousand tonnes, 14=Food Use - Thousand tonnes, 15=Other Uses - Thousand tonnes, 998=Production Paddy - Thousand tonnes}}
2014-11-08 14:04:34 INFO  AMISQuery:94 - *****************************************
2014-11-08 14:04:34 INFO  AMISQuery:95 - ITY ELEMENTS
2014-11-08 14:04:34 INFO  AMISQuery:97 - {1={10=Exports (ITY) - Thousand Tonnes}, 4={10=Exports (ITY) - Thousand Tonnes}, 5={10=Exports (ITY) - Thousand Tonnes}, 6={10=Exports (ITY) - Thousand Tonnes}}
2014-11-08 14:04:34 INFO  AMISQuery:111 - *****************************************
2014-11-08 14:04:34 INFO  AMISQuery:112 - OTHERS ELEMENTS
2014-11-08 14:04:34 INFO  AMISQuery:114 - {1={}, 4={}, 5={}, 6={}}
2014-11-08 14:43:32 INFO  AMISQuery:74 - *****************************************
2014-11-08 14:43:32 INFO  AMISQuery:75 - FOOD BALANCE ELEMENTS
2014-11-08 14:43:32 INFO  AMISQuery:77 - {1={34=Post Harvest Losses - Thousand tonnes, 35=Total Utilization - Thousand tonnes, 5=Production - Thousand tonnes, 7=Imports (NMY) - Thousand tonnes, 10=Exports (NMY) - Thousand tonnes, 13=Feed Use - Thousand tonnes, 14=Food Use - Thousand tonnes, 15=Other Uses - Thousand tonnes, 16=Closing Stocks - Thousand tonnes, 19=Total Supply - Thousand tonnes, 18=Opening Stocks - Thousand tonnes, 21=Seeds - Thousand tonnes, 20=Domestic Utilization - Thousand tonnes}, 4={34=Post Harvest Losses - Thousand tonnes, 16=Closing Stocks - Thousand tonnes, 35=Total Utilization - Thousand tonnes, 19=Total Supply - Thousand tonnes, 18=Opening Stocks - Thousand tonnes, 21=Seeds - Thousand tonnes, 20=Domestic Utilization - Thousand tonnes, 5=Production - Thousand tonnes, 7=Imports (NMY) - Thousand tonnes, 10=Exports (NMY) - Thousand tonnes, 13=Feed Use - Thousand tonnes, 14=Food Use - Thousand tonnes, 15=Other Uses - Thousand tonnes, 998=Production Paddy - Thousand tonnes}, 5={34=Post Harvest Losses - Thousand tonnes, 35=Total Utilization - Thousand tonnes, 5=Production - Thousand tonnes, 7=Imports (NMY) - Thousand tonnes, 10=Exports (NMY) - Thousand tonnes, 13=Feed Use - Thousand tonnes, 14=Food Use - Thousand tonnes, 15=Other Uses - Thousand tonnes, 16=Closing Stocks - Thousand tonnes, 19=Total Supply - Thousand tonnes, 18=Opening Stocks - Thousand tonnes, 21=Seeds - Thousand tonnes, 20=Domestic Utilization - Thousand tonnes}, 6={34=Post Harvest Losses - Thousand tonnes, 16=Closing Stocks - Thousand tonnes, 35=Total Utilization - Thousand tonnes, 19=Total Supply - Thousand tonnes, 18=Opening Stocks - Thousand tonnes, 21=Seeds - Thousand tonnes, 20=Domestic Utilization - Thousand tonnes, 5=Production - Thousand tonnes, 7=Imports (NMY) - Thousand tonnes, 10=Exports (NMY) - Thousand tonnes, 14=Food Use - Thousand tonnes, 15=Other Uses - Thousand tonnes, 998=Production Paddy - Thousand tonnes}}
2014-11-08 14:43:32 INFO  AMISQuery:92 - *****************************************
2014-11-08 14:43:32 INFO  AMISQuery:93 - ITY ELEMENTS
2014-11-08 14:43:32 INFO  AMISQuery:95 - {1={10=Exports (ITY) - Thousand Tonnes}, 4={10=Exports (ITY) - Thousand Tonnes}, 5={10=Exports (ITY) - Thousand Tonnes}, 6={10=Exports (ITY) - Thousand Tonnes}}
2014-11-08 14:43:32 INFO  AMISQuery:109 - *****************************************
2014-11-08 14:43:32 INFO  AMISQuery:110 - OTHERS ELEMENTS
2014-11-08 14:43:32 INFO  AMISQuery:112 - {1={}, 4={}, 5={}, 6={}}
2014-11-08 14:48:26 INFO  DataUtils:22 - ***********************
2014-11-08 14:48:26 INFO  DataUtils:23 - Start fill map
2014-11-08 14:48:26 INFO  AMISQuery:74 - *****************************************
2014-11-08 14:48:26 INFO  AMISQuery:75 - FOOD BALANCE ELEMENTS
2014-11-08 14:48:26 INFO  AMISQuery:77 - {1={34=Post Harvest Losses - Thousand tonnes, 35=Total Utilization - Thousand tonnes, 5=Production - Thousand tonnes, 7=Imports (NMY) - Thousand tonnes, 10=Exports (NMY) - Thousand tonnes, 13=Feed Use - Thousand tonnes, 14=Food Use - Thousand tonnes, 15=Other Uses - Thousand tonnes, 16=Closing Stocks - Thousand tonnes, 19=Total Supply - Thousand tonnes, 18=Opening Stocks - Thousand tonnes, 21=Seeds - Thousand tonnes, 20=Domestic Utilization - Thousand tonnes}, 4={34=Post Harvest Losses - Thousand tonnes, 16=Closing Stocks - Thousand tonnes, 35=Total Utilization - Thousand tonnes, 19=Total Supply - Thousand tonnes, 18=Opening Stocks - Thousand tonnes, 21=Seeds - Thousand tonnes, 20=Domestic Utilization - Thousand tonnes, 5=Production - Thousand tonnes, 7=Imports (NMY) - Thousand tonnes, 10=Exports (NMY) - Thousand tonnes, 13=Feed Use - Thousand tonnes, 14=Food Use - Thousand tonnes, 15=Other Uses - Thousand tonnes, 998=Production Paddy - Thousand tonnes}, 5={34=Post Harvest Losses - Thousand tonnes, 35=Total Utilization - Thousand tonnes, 5=Production - Thousand tonnes, 7=Imports (NMY) - Thousand tonnes, 10=Exports (NMY) - Thousand tonnes, 13=Feed Use - Thousand tonnes, 14=Food Use - Thousand tonnes, 15=Other Uses - Thousand tonnes, 16=Closing Stocks - Thousand tonnes, 19=Total Supply - Thousand tonnes, 18=Opening Stocks - Thousand tonnes, 21=Seeds - Thousand tonnes, 20=Domestic Utilization - Thousand tonnes}, 6={34=Post Harvest Losses - Thousand tonnes, 16=Closing Stocks - Thousand tonnes, 35=Total Utilization - Thousand tonnes, 19=Total Supply - Thousand tonnes, 18=Opening Stocks - Thousand tonnes, 21=Seeds - Thousand tonnes, 20=Domestic Utilization - Thousand tonnes, 5=Production - Thousand tonnes, 7=Imports (NMY) - Thousand tonnes, 10=Exports (NMY) - Thousand tonnes, 14=Food Use - Thousand tonnes, 15=Other Uses - Thousand tonnes, 998=Production Paddy - Thousand tonnes}}
2014-11-08 14:48:26 INFO  DataUtils:22 - ***********************
2014-11-08 14:48:26 INFO  DataUtils:23 - Start fill map
2014-11-08 14:48:26 INFO  AMISQuery:93 - *****************************************
2014-11-08 14:48:26 INFO  AMISQuery:94 - ITY ELEMENTS
2014-11-08 14:48:26 INFO  AMISQuery:96 - {1={10=Exports (ITY) - Thousand Tonnes}, 4={10=Exports (ITY) - Thousand Tonnes}, 5={10=Exports (ITY) - Thousand Tonnes}, 6={10=Exports (ITY) - Thousand Tonnes}}
2014-11-08 14:48:26 INFO  AMISQuery:110 - *****************************************
2014-11-08 14:48:26 INFO  AMISQuery:111 - OTHERS ELEMENTS PROPERTIES
2014-11-08 14:48:26 INFO  AMISQuery:112 - {4=Yield - Tonnes/Ha, 3=Extraction Rate - %, 2=Area Harvested - Thousand Ha, 1=Population - 1000s}
2014-11-08 14:48:26 INFO  DataUtils:22 - ***********************
2014-11-08 14:48:26 INFO  DataUtils:23 - Start fill map
2014-11-08 14:48:26 INFO  AMISQuery:116 - {1={}, 4={}, 5={}, 6={}}
